47 extreme rays
15 support hyperplanes

embedding dimension = 6
rank = 6 (maximal)
external index = 1
internal index = 1

grading:
0 0 0 0 0 1 

degrees of extreme rays:
1:47  

***********************************************************************

47 extreme rays:
 0 0 4 1 1 1
 0 0 4 1 2 1
 0 0 5 0 0 1
 0 0 5 0 1 1
 0 1 3 2 1 1
 0 1 4 1 0 1
 0 2 2 1 1 1
 0 2 2 1 2 1
 0 2 2 3 2 1
 0 2 2 3 4 1
 0 2 3 0 0 1
 0 2 3 0 1 1
 0 2 4 1 0 1
 0 2 5 0 0 1
 0 2 5 0 1 1
 0 3 1 2 1 1
 0 3 2 1 0 1
 0 4 0 3 2 1
 0 4 0 3 4 1
 0 4 2 1 0 1
 0 4 3 0 0 1
 0 4 3 0 1 1
 1 0 3 1 1 1
 1 0 3 1 2 1
 1 1 2 1 1 1
 1 1 2 1 2 1
 1 1 2 2 1 1
 1 1 3 2 1 1
 1 1 4 1 0 1
 1 2 1 2 1 1
 1 2 1 3 2 1
 1 2 1 3 4 1
 1 3 0 3 2 1
 1 3 0 3 4 1
 2 0 3 0 0 1
 2 0 3 0 1 1
 2 0 4 1 1 1
 2 0 4 1 2 1
 2 0 5 0 0 1
 2 0 5 0 1 1
 2 1 2 1 0 1
 2 1 2 2 1 1
 3 0 3 1 1 1
 3 0 3 1 2 1
 3 1 2 1 0 1
 4 0 3 0 0 1
 4 0 3 0 1 1

15 support hyperplanes:
 -1 -1 -1 -1  0  7
  0  0 -1 -1  0  5
  0  0  0 -1  1  1
  0  0  0  0  1  0
  0  0  0  1 -1  1
  0  0  0  1  0  0
  0  0  1  1  0 -3
  0  1  0 -1  0  1
  0  1  0 -1  1  0
  0  1  0  0  0  0
  0  1  1  0  0 -3
  1  0  0  0  0  0
  1  1  1  0  0 -4
  1  1  1  0  1 -5
  1  1  1  1  0 -5

